{
  "0 debug pnpm:scope": {
    "selected": 1
  },
  "1 error pnpm": {
    "code": "ELIFECYCLE",
    "errno": "ENOENT",
    "syscall": "spawn",
    "file": "sh",
    "pkgid": "ducnguyen-96@0.0.0",
    "stage": "build",
    "script": "docusaurus build",
    "pkgname": "ducnguyen-96",
    "err": {
      "name": "pnpm",
      "message": "ducnguyen-96@0.0.0 build: `docusaurus build`\nspawn ENOENT",
      "code": "ELIFECYCLE",
      "stack": "pnpm: ducnguyen-96@0.0.0 build: `docusaurus build`\nspawn ENOENT\n    at ChildProcess.<anonymous> (/home/d/.fnm/node-versions/v16.13.0/installation/pnpm-global/5/node_modules/.pnpm/pnpm@6.23.2/node_modules/pnpm/dist/pnpm.cjs:91354:22)\n    at ChildProcess.emit (node:events:390:28)\n    at maybeClose (node:internal/child_process:1064:16)\n    at Process.ChildProcess._handle.onexit (node:internal/child_process:301:5)"
    }
  },
  "2 warn pnpm:global": " Local package.json exists, but node_modules missing, did you mean to install?"
}